<?xml version="1.0" encoding="UTF-8"?>
<!-- Generated by org.testng.reporters.JUnitReportReporter -->
<testsuite hostname="Nityam" failures="0" tests="1" name="CodeVita.Test_CodeVita.CompareIMDBWiki" time="15.063" errors="0" timestamp="2023-01-06T15:51:55 IST" skipped="0">
  <testcase classname="CodeVita.Test_CodeVita.CompareIMDBWiki" name="compareResult" time="15.063"/>
  <system-out/>
</testsuite> <!-- CodeVita.Test_CodeVita.CompareIMDBWiki -->
