<?xml version="1.0" encoding="UTF-8"?>
<!-- Generated by org.testng.reporters.JUnitReportReporter -->
<testsuite hostname="Nityam" failures="0" tests="1" name="CodeVita.Test_CodeVita.sample" time="14.931" errors="0" timestamp="2023-01-06T15:49:01 IST" skipped="0">
  <testcase classname="CodeVita.Test_CodeVita.sample" name="compareResult" time="14.931"/>
  <system-out/>
</testsuite> <!-- CodeVita.Test_CodeVita.sample -->
